[0.009s] Invoking command in '/home/eogus/ros2_ws/build/my_package': CMAKE_PREFIX_PATH=/opt/ros/foxy /usr/bin/cmake /home/eogus/ros2_ws/src/my_package -DAMENT_CMAKE_SYMLINK_INSTALL=1 -DCMAKE_INSTALL_PREFIX=/home/eogus/ros2_ws/install/my_package
[0.016s] -- Found ament_cmake: 0.9.12 (/opt/ros/foxy/share/ament_cmake/cmake)
[0.027s] -- Using PYTHON_EXECUTABLE: /usr/bin/python3
[0.103s] -- Override CMake install command with custom implementation using symlinks instead of copying resources
[0.114s] -- Found rclcpp: 2.4.3 (/opt/ros/foxy/share/rclcpp/cmake)
[0.141s] -- Using all available rosidl_typesupport_c: rosidl_typesupport_fastrtps_c;rosidl_typesupport_introspection_c
[0.141s] -- Found rosidl_adapter: 1.3.1 (/opt/ros/foxy/share/rosidl_adapter/cmake)
[0.232s] -- Using all available rosidl_typesupport_cpp: rosidl_typesupport_fastrtps_cpp;rosidl_typesupport_introspection_cpp
[0.253s] -- Found rmw_implementation_cmake: 1.0.4 (/opt/ros/foxy/share/rmw_implementation_cmake/cmake)
[0.258s] -- Using RMW implementation 'rmw_fastrtps_cpp' as default
[0.357s] -- Found geometry_msgs: 2.0.5 (/opt/ros/foxy/share/geometry_msgs/cmake)
[0.431s] -- Configuring done
[0.452s] -- Generating done
[0.461s] -- Build files have been written to: /home/eogus/ros2_ws/build/my_package
[0.462s] Invoked command in '/home/eogus/ros2_ws/build/my_package' returned '0': CMAKE_PREFIX_PATH=/opt/ros/foxy /usr/bin/cmake /home/eogus/ros2_ws/src/my_package -DAMENT_CMAKE_SYMLINK_INSTALL=1 -DCMAKE_INSTALL_PREFIX=/home/eogus/ros2_ws/install/my_package
[0.464s] Invoking command in '/home/eogus/ros2_ws/build/my_package': CMAKE_PREFIX_PATH=/opt/ros/foxy /usr/bin/cmake --build /home/eogus/ros2_ws/build/my_package -- -j8 -l8
[0.490s] [35m[1mScanning dependencies of target my_pkg[0m
[0.500s] [ 50%] [32mBuilding CXX object CMakeFiles/my_pkg.dir/src/my_pkg.cpp.o[0m
[0.506s] [01m[K/home/eogus/ros2_ws/src/my_package/src/my_pkg.cpp:1:10:[m[K [01;31m[Kfatal error: [m[Krclcpp.hpp: No such file or directory
[0.506s]     1 | #include [01;31m[K<rclcpp.hpp>[m[K
[0.506s]       |          [01;31m[K^~~~~~~~~~~~[m[K
[0.506s] compilation terminated.
[0.507s] make[2]: *** [CMakeFiles/my_pkg.dir/build.make:63: CMakeFiles/my_pkg.dir/src/my_pkg.cpp.o] Error 1
[0.507s] make[1]: *** [CMakeFiles/Makefile2:78: CMakeFiles/my_pkg.dir/all] Error 2
[0.507s] make: *** [Makefile:141: all] Error 2
[0.508s] Invoked command in '/home/eogus/ros2_ws/build/my_package' returned '2': CMAKE_PREFIX_PATH=/opt/ros/foxy /usr/bin/cmake --build /home/eogus/ros2_ws/build/my_package -- -j8 -l8
